<?xml version="1.0" encoding="UTF-8"?>
<!-- Generated by org.testng.reporters.JUnitReportReporter -->
<testsuite hostname="DESKTOP-H0R2BG4" failures="0" tests="1" name="testngpractise.TestngDemo" time="19.177" errors="0" timestamp="2023-07-07T17:53:58 IST" skipped="0">
  <testcase classname="testngpractise.TestngDemo" name="SampleAutomation" time="19.177"/>
  <system-out/>
</testsuite> <!-- testngpractise.TestngDemo -->
