<?xml version="1.0" encoding="UTF-8"?>
<!-- Generated by org.testng.reporters.JUnitReportReporter -->
<testsuite hostname="MelkiesPC" failures="0" tests="3" name="testngpractise.dataProviderTest" time="0.006" errors="0" timestamp="2024-02-02T20:04:00 IST" skipped="0">
  <testcase classname="testngpractise.dataProviderTest" name="loginTest" time="0.003"/>
  <system-out/>
  <testcase classname="testngpractise.dataProviderTest" name="loginTest" time="0.003"/>
  <system-out/>
  <testcase classname="testngpractise.dataProviderTest" name="loginTest" time="0.000"/>
  <system-out/>
</testsuite> <!-- testngpractise.dataProviderTest -->
